<?xml version="1.0" encoding="UTF-8"?>
<testng-results skipped="0" failed="0" ignored="0" total="1" passed="1">
  <reporter-output>
  </reporter-output>
  <suite name="RegressionSuite" duration-ms="32610" started-at="2019-07-11T17:25:34Z" finished-at="2019-07-11T17:26:07Z">
    <groups>
    </groups>
    <test name="Validating Files Uploading" duration-ms="32610" started-at="2019-07-11T17:25:34Z" finished-at="2019-07-11T17:26:07Z">
      <class name="Sellics.SellicsAgencyEditionUITest">
        <test-method status="PASS" signature="initialize()[pri:0, instance:Sellics.SellicsAgencyEditionUITest@636be97c]" name="initialize" is-config="true" duration-ms="8112" started-at="2019-07-11T17:25:34Z" finished-at="2019-07-11T17:25:42Z">
          <reporter-output>
          </reporter-output>
        </test-method> <!-- initialize -->
        <test-method status="PASS" signature="VerifyCartAddition()[pri:0, instance:Sellics.SellicsAgencyEditionUITest@636be97c]" name="VerifyCartAddition" duration-ms="22160" started-at="2019-07-11T17:25:42Z" finished-at="2019-07-11T17:26:05Z">
          <reporter-output>
          </reporter-output>
        </test-method> <!-- VerifyCartAddition -->
        <test-method status="PASS" signature="teardown()[pri:0, instance:Sellics.SellicsAgencyEditionUITest@636be97c]" name="teardown" is-config="true" duration-ms="2316" started-at="2019-07-11T17:26:05Z" finished-at="2019-07-11T17:26:07Z">
          <reporter-output>
          </reporter-output>
        </test-method> <!-- teardown -->
      </class> <!-- Sellics.SellicsAgencyEditionUITest -->
    </test> <!-- Validating Files Uploading -->
  </suite> <!-- RegressionSuite -->
</testng-results>
